0 info it worked if it ends with ok
1 verbose cli [ '/usr/local/bin/node',
1 verbose cli   '/usr/local/bin/npm',
1 verbose cli   'install',
1 verbose cli   'diff',
1 verbose cli   '--save' ]
2 info using npm@3.10.10
3 info using node@v6.10.2
4 silly loadCurrentTree Starting
5 silly install loadCurrentTree
6 silly install readLocalPackageData
7 silly fetchPackageMetaData diff@^3.5.0
8 silly fetchNamedPackageData diff
9 silly mapToRegistry name diff
10 silly mapToRegistry using default registry
11 silly mapToRegistry registry https://registry.npmjs.org/
12 silly mapToRegistry data Result {
12 silly mapToRegistry   raw: 'diff',
12 silly mapToRegistry   scope: null,
12 silly mapToRegistry   escapedName: 'diff',
12 silly mapToRegistry   name: 'diff',
12 silly mapToRegistry   rawSpec: '',
12 silly mapToRegistry   spec: 'latest',
12 silly mapToRegistry   type: 'tag' }
13 silly mapToRegistry uri https://registry.npmjs.org/diff
14 verbose request uri https://registry.npmjs.org/diff
15 verbose request no auth needed
16 info attempt registry request try #1 at 3:07:50 PM
17 verbose request id 2278408c3d47de8c
18 verbose etag "5ab116ee-fcf1"
19 verbose lastModified Tue, 20 Mar 2018 14:13:02 GMT
20 http request GET https://registry.npmjs.org/diff
21 http 304 https://registry.npmjs.org/diff
22 verbose headers { date: 'Thu, 05 Apr 2018 20:07:51 GMT',
22 verbose headers   via: '1.1 varnish',
22 verbose headers   'cache-control': 'max-age=300',
22 verbose headers   etag: '"5ab116ee-fcf1"',
22 verbose headers   age: '5731',
22 verbose headers   connection: 'keep-alive',
22 verbose headers   'x-served-by': 'cache-dfw18648-DFW',
22 verbose headers   'x-cache': 'HIT',
22 verbose headers   'x-cache-hits': '20',
22 verbose headers   'x-timer': 'S1522958871.180150,VS0,VE0',
22 verbose headers   vary: 'Accept-Encoding, Accept' }
23 silly get cb [ 304,
23 silly get   { date: 'Thu, 05 Apr 2018 20:07:51 GMT',
23 silly get     via: '1.1 varnish',
23 silly get     'cache-control': 'max-age=300',
23 silly get     etag: '"5ab116ee-fcf1"',
23 silly get     age: '5731',
23 silly get     connection: 'keep-alive',
23 silly get     'x-served-by': 'cache-dfw18648-DFW',
23 silly get     'x-cache': 'HIT',
23 silly get     'x-cache-hits': '20',
23 silly get     'x-timer': 'S1522958871.180150,VS0,VE0',
23 silly get     vary: 'Accept-Encoding, Accept' } ]
24 verbose etag https://registry.npmjs.org/diff from cache
25 verbose get saving diff to /Users/scanton/.npm/registry.npmjs.org/diff/.cache.json
26 verbose correctMkdir /Users/scanton/.npm correctMkdir not in flight; initializing
27 silly install normalizeTree
28 silly loadCurrentTree Finishing
29 silly loadIdealTree Starting
30 silly install loadIdealTree
31 silly cloneCurrentTree Starting
32 silly install cloneCurrentTreeToIdealTree
33 silly cloneCurrentTree Finishing
34 silly loadShrinkwrap Starting
35 silly install loadShrinkwrap
36 silly loadShrinkwrap Finishing
37 silly loadAllDepsIntoIdealTree Starting
38 silly install loadAllDepsIntoIdealTree
39 silly resolveWithNewModule diff@3.5.0 checking installable status
40 silly cache add args [ 'diff@^3.5.0', null ]
41 verbose cache add spec diff@^3.5.0
42 silly cache add parsed spec Result {
42 silly cache add   raw: 'diff@^3.5.0',
42 silly cache add   scope: null,
42 silly cache add   escapedName: 'diff',
42 silly cache add   name: 'diff',
42 silly cache add   rawSpec: '^3.5.0',
42 silly cache add   spec: '>=3.5.0 <4.0.0',
42 silly cache add   type: 'range' }
43 silly addNamed diff@>=3.5.0 <4.0.0
44 verbose addNamed ">=3.5.0 <4.0.0" is a valid semver range for diff
45 silly addNameRange { name: 'diff', range: '>=3.5.0 <4.0.0', hasData: false }
46 silly mapToRegistry name diff
47 silly mapToRegistry using default registry
48 silly mapToRegistry registry https://registry.npmjs.org/
49 silly mapToRegistry data Result {
49 silly mapToRegistry   raw: 'diff',
49 silly mapToRegistry   scope: null,
49 silly mapToRegistry   escapedName: 'diff',
49 silly mapToRegistry   name: 'diff',
49 silly mapToRegistry   rawSpec: '',
49 silly mapToRegistry   spec: 'latest',
49 silly mapToRegistry   type: 'tag' }
50 silly mapToRegistry uri https://registry.npmjs.org/diff
51 verbose addNameRange registry:https://registry.npmjs.org/diff not in flight; fetching
52 verbose get https://registry.npmjs.org/diff not expired, no request
53 silly addNameRange number 2 { name: 'diff', range: '>=3.5.0 <4.0.0', hasData: true }
54 silly addNameRange versions [ 'diff',
54 silly addNameRange   [ '1.0.0',
54 silly addNameRange     '1.0.1',
54 silly addNameRange     '1.0.2',
54 silly addNameRange     '1.0.3',
54 silly addNameRange     '1.0.4',
54 silly addNameRange     '1.0.5',
54 silly addNameRange     '1.0.6',
54 silly addNameRange     '1.0.7',
54 silly addNameRange     '1.0.8',
54 silly addNameRange     '1.1.0',
54 silly addNameRange     '1.2.0',
54 silly addNameRange     '1.2.1',
54 silly addNameRange     '1.2.2',
54 silly addNameRange     '1.3.0',
54 silly addNameRange     '1.3.1',
54 silly addNameRange     '1.3.2',
54 silly addNameRange     '1.4.0',
54 silly addNameRange     '2.0.1',
54 silly addNameRange     '2.0.2',
54 silly addNameRange     '2.1.0',
54 silly addNameRange     '2.1.1',
54 silly addNameRange     '2.1.2',
54 silly addNameRange     '2.1.3',
54 silly addNameRange     '2.2.0',
54 silly addNameRange     '2.2.1',
54 silly addNameRange     '2.2.2',
54 silly addNameRange     '2.2.3',
54 silly addNameRange     '3.0.0',
54 silly addNameRange     '3.0.1',
54 silly addNameRange     '3.1.0',
54 silly addNameRange     '3.2.0',
54 silly addNameRange     '3.3.0',
54 silly addNameRange     '3.3.1',
54 silly addNameRange     '3.4.0',
54 silly addNameRange     '3.5.0' ] ]
55 silly addNamed diff@3.5.0
56 verbose addNamed "3.5.0" is a plain semver version for diff
57 silly cache afterAdd diff@3.5.0
58 verbose afterAdd /Users/scanton/.npm/diff/3.5.0/package/package.json not in flight; writing
59 verbose correctMkdir /Users/scanton/.npm correctMkdir not in flight; initializing
60 verbose afterAdd /Users/scanton/.npm/diff/3.5.0/package/package.json written
61 silly loadAllDepsIntoIdealTree Finishing
62 silly loadIdealTree Finishing
63 silly currentTree connectopus2@1.0.0
63 silly currentTree ├── ajv@5.5.2
63 silly currentTree ├── ansi-regex@2.1.1
63 silly currentTree ├── array-find-index@1.0.2
63 silly currentTree ├── asn1@0.2.3
63 silly currentTree ├── assert-plus@1.0.0
63 silly currentTree ├── async@0.2.10
63 silly currentTree ├── asynckit@0.4.0
63 silly currentTree ├── aws-sign2@0.7.0
63 silly currentTree ├── aws4@1.6.0
63 silly currentTree ├── balanced-match@1.0.0
63 silly currentTree ├── bcrypt-pbkdf@1.0.1
63 silly currentTree ├── boom@4.3.1
63 silly currentTree ├── brace-expansion@1.1.11
63 silly currentTree ├── buffer-alloc-unsafe@0.1.1
63 silly currentTree ├── buffer-alloc@1.1.0
63 silly currentTree ├── buffer-fill@0.1.0
63 silly currentTree ├── builtin-modules@1.1.1
63 silly currentTree ├── camelcase-keys@2.1.0
63 silly currentTree ├── camelcase@2.1.1
63 silly currentTree ├── caseless@0.12.0
63 silly currentTree ├── charenc@0.0.2
63 silly currentTree ├── co@4.6.0
63 silly currentTree ├── code-point-at@1.1.0
63 silly currentTree ├── combined-stream@1.0.6
63 silly currentTree ├── concat-map@0.0.1
63 silly currentTree ├─┬ concat-stream@1.6.0
63 silly currentTree │ ├── isarray@1.0.0
63 silly currentTree │ ├── readable-stream@2.3.4
63 silly currentTree │ └── string_decoder@1.0.3
63 silly currentTree ├── core-util-is@1.0.2
63 silly currentTree ├── crypt@0.0.2
63 silly currentTree ├─┬ cryptiles@3.1.2
63 silly currentTree │ └── boom@5.2.0
63 silly currentTree ├── currently-unhandled@0.4.1
63 silly currentTree ├── dashdash@1.14.1
63 silly currentTree ├── debug@2.6.9
63 silly currentTree ├── decamelize@1.2.0
63 silly currentTree ├── deep-extend@0.4.2
63 silly currentTree ├── delayed-stream@1.0.0
63 silly currentTree ├── diff@3.5.0
63 silly currentTree ├── ecc-jsbn@0.1.1
63 silly currentTree ├─┬ electron-download@3.3.0
63 silly currentTree │ ├── fs-extra@0.30.0
63 silly currentTree │ └── jsonfile@2.4.0
63 silly currentTree ├── electron-prebuilt@1.4.13
63 silly currentTree ├── error-ex@1.3.1
63 silly currentTree ├── es6-promise@4.2.4
63 silly currentTree ├── extend@3.0.1
63 silly currentTree ├── extract-zip@1.6.6
63 silly currentTree ├── extsprintf@1.3.0
63 silly currentTree ├── fast-deep-equal@1.1.0
63 silly currentTree ├── fast-json-stable-stringify@2.0.0
63 silly currentTree ├── fd-slicer@1.0.1
63 silly currentTree ├── find-up@1.1.2
63 silly currentTree ├── forever-agent@0.6.1
63 silly currentTree ├── form-data@2.3.2
63 silly currentTree ├── fs-extra@5.0.0
63 silly currentTree ├── fs.realpath@1.0.0
63 silly currentTree ├── get-stdin@4.0.1
63 silly currentTree ├── getpass@0.1.7
63 silly currentTree ├── glob@7.1.2
63 silly currentTree ├── graceful-fs@4.1.11
63 silly currentTree ├── har-schema@2.0.0
63 silly currentTree ├── har-validator@5.0.3
63 silly currentTree ├── hawk@6.0.2
63 silly currentTree ├── hoek@4.2.1
63 silly currentTree ├── home-path@1.0.5
63 silly currentTree ├── hosted-git-info@2.5.0
63 silly currentTree ├── http-signature@1.2.0
63 silly currentTree ├── indent-string@2.1.0
63 silly currentTree ├── inflight@1.0.6
63 silly currentTree ├── inherits@2.0.3
63 silly currentTree ├── ini@1.3.5
63 silly currentTree ├── interpret@1.1.0
63 silly currentTree ├── is-arrayish@0.2.1
63 silly currentTree ├── is-buffer@1.1.6
63 silly currentTree ├── is-builtin-module@1.0.0
63 silly currentTree ├── is-finite@1.0.2
63 silly currentTree ├── is-fullwidth-code-point@1.0.0
63 silly currentTree ├── is-typedarray@1.0.0
63 silly currentTree ├── is-utf8@0.2.1
63 silly currentTree ├── isarray@0.0.1
63 silly currentTree ├── isstream@0.1.2
63 silly currentTree ├── jsbn@0.1.1
63 silly currentTree ├── json-schema-traverse@0.3.1
63 silly currentTree ├── json-schema@0.2.3
63 silly currentTree ├── json-stringify-safe@5.0.1
63 silly currentTree ├── jsonfile@4.0.0
63 silly currentTree ├── jsprim@1.4.1
63 silly currentTree ├── klaw@1.3.1
63 silly currentTree ├── load-json-file@1.1.0
63 silly currentTree ├── lodash.defaults@4.2.0
63 silly currentTree ├── loud-rejection@1.6.0
63 silly currentTree ├── map-obj@1.0.1
63 silly currentTree ├── md5-file@3.2.3
63 silly currentTree ├── md5@2.2.1
63 silly currentTree ├── meow@3.7.0
63 silly currentTree ├── mime-db@1.33.0
63 silly currentTree ├── mime-types@2.1.18
63 silly currentTree ├── minimatch@3.0.4
63 silly currentTree ├── minimist@1.2.0
63 silly currentTree ├─┬ mkdirp@0.5.0
63 silly currentTree │ └── minimist@0.0.8
63 silly currentTree ├── ms@2.0.0
63 silly currentTree ├── normalize-package-data@2.4.0
63 silly currentTree ├── nugget@2.0.1
63 silly currentTree ├── number-is-nan@1.0.1
63 silly currentTree ├── oauth-sign@0.8.2
63 silly currentTree ├── object-assign@4.1.1
63 silly currentTree ├── object-keys@0.4.0
63 silly currentTree ├── once@1.4.0
63 silly currentTree ├── parse-json@2.2.0
63 silly currentTree ├── path-exists@2.1.0
63 silly currentTree ├── path-is-absolute@1.0.1
63 silly currentTree ├── path-parse@1.0.5
63 silly currentTree ├── path-type@1.1.0
63 silly currentTree ├── pend@1.2.0
63 silly currentTree ├── performance-now@2.1.0
63 silly currentTree ├── pify@2.3.0
63 silly currentTree ├── pinkie-promise@2.0.1
63 silly currentTree ├── pinkie@2.0.4
63 silly currentTree ├── pretty-bytes@1.0.4
63 silly currentTree ├── process-nextick-args@2.0.0
63 silly currentTree ├── progress-stream@1.2.0
63 silly currentTree ├── punycode@1.4.1
63 silly currentTree ├── qs@6.5.1
63 silly currentTree ├── rc@1.2.5
63 silly currentTree ├── read-pkg-up@1.0.1
63 silly currentTree ├── read-pkg@1.1.0
63 silly currentTree ├── readable-stream@1.1.14
63 silly currentTree ├── rechoir@0.6.2
63 silly currentTree ├── redent@1.0.0
63 silly currentTree ├─┬ remote-exec@0.0.3
63 silly currentTree │ ├── asn1@0.1.11
63 silly currentTree │ └── ssh2@0.2.25
63 silly currentTree ├── repeating@2.0.1
63 silly currentTree ├── request@2.83.0
63 silly currentTree ├── resolve@1.6.0
63 silly currentTree ├── rimraf@2.6.2
63 silly currentTree ├── safe-buffer@5.1.1
63 silly currentTree ├── semver@5.5.0
63 silly currentTree ├── shelljs@0.8.1
63 silly currentTree ├── signal-exit@3.0.2
63 silly currentTree ├── single-line-log@1.1.2
63 silly currentTree ├── sntp@2.1.0
63 silly currentTree ├── spdx-correct@3.0.0
63 silly currentTree ├── spdx-exceptions@2.1.0
63 silly currentTree ├── spdx-expression-parse@3.0.0
63 silly currentTree ├── spdx-license-ids@3.0.0
63 silly currentTree ├── speedometer@0.1.4
63 silly currentTree ├─┬ ssh2-sftp-client@2.1.0
63 silly currentTree │ └── ssh2@0.5.5
63 silly currentTree ├── ssh2-streams@0.1.20
63 silly currentTree ├── ssh2@0.5.4
63 silly currentTree ├── sshpk@1.13.1
63 silly currentTree ├── streamsearch@0.1.2
63 silly currentTree ├── string_decoder@0.10.31
63 silly currentTree ├── string-width@1.0.2
63 silly currentTree ├── stringstream@0.0.5
63 silly currentTree ├── strip-ansi@3.0.1
63 silly currentTree ├── strip-bom@2.0.0
63 silly currentTree ├── strip-indent@1.0.1
63 silly currentTree ├── strip-json-comments@2.0.1
63 silly currentTree ├── sumchecker@1.3.1
63 silly currentTree ├── throttleit@0.0.2
63 silly currentTree ├── through2@0.2.3
63 silly currentTree ├── tough-cookie@2.3.4
63 silly currentTree ├── trim-newlines@1.0.0
63 silly currentTree ├── tunnel-agent@0.6.0
63 silly currentTree ├── tunnel-ssh@4.1.4
63 silly currentTree ├── tweetnacl@0.14.5
63 silly currentTree ├── typedarray@0.0.6
63 silly currentTree ├── universalify@0.1.1
63 silly currentTree ├── util-deprecate@1.0.2
63 silly currentTree ├── uuid@3.2.1
63 silly currentTree ├── validate-npm-package-license@3.0.3
63 silly currentTree ├── verror@1.10.0
63 silly currentTree ├── wrappy@1.0.2
63 silly currentTree ├── xtend@2.1.2
63 silly currentTree └── yauzl@2.4.1
64 silly idealTree connectopus2@1.0.0
64 silly idealTree ├── ajv@5.5.2
64 silly idealTree ├── ansi-regex@2.1.1
64 silly idealTree ├── array-find-index@1.0.2
64 silly idealTree ├── asn1@0.2.3
64 silly idealTree ├── assert-plus@1.0.0
64 silly idealTree ├── async@0.2.10
64 silly idealTree ├── asynckit@0.4.0
64 silly idealTree ├── aws-sign2@0.7.0
64 silly idealTree ├── aws4@1.6.0
64 silly idealTree ├── balanced-match@1.0.0
64 silly idealTree ├── bcrypt-pbkdf@1.0.1
64 silly idealTree ├── boom@4.3.1
64 silly idealTree ├── brace-expansion@1.1.11
64 silly idealTree ├── buffer-alloc-unsafe@0.1.1
64 silly idealTree ├── buffer-alloc@1.1.0
64 silly idealTree ├── buffer-fill@0.1.0
64 silly idealTree ├── builtin-modules@1.1.1
64 silly idealTree ├── camelcase-keys@2.1.0
64 silly idealTree ├── camelcase@2.1.1
64 silly idealTree ├── caseless@0.12.0
64 silly idealTree ├── charenc@0.0.2
64 silly idealTree ├── co@4.6.0
64 silly idealTree ├── code-point-at@1.1.0
64 silly idealTree ├── combined-stream@1.0.6
64 silly idealTree ├── concat-map@0.0.1
64 silly idealTree ├─┬ concat-stream@1.6.0
64 silly idealTree │ ├── isarray@1.0.0
64 silly idealTree │ ├── readable-stream@2.3.4
64 silly idealTree │ └── string_decoder@1.0.3
64 silly idealTree ├── core-util-is@1.0.2
64 silly idealTree ├── crypt@0.0.2
64 silly idealTree ├─┬ cryptiles@3.1.2
64 silly idealTree │ └── boom@5.2.0
64 silly idealTree ├── currently-unhandled@0.4.1
64 silly idealTree ├── dashdash@1.14.1
64 silly idealTree ├── debug@2.6.9
64 silly idealTree ├── decamelize@1.2.0
64 silly idealTree ├── deep-extend@0.4.2
64 silly idealTree ├── delayed-stream@1.0.0
64 silly idealTree ├── diff@3.5.0
64 silly idealTree ├── ecc-jsbn@0.1.1
64 silly idealTree ├─┬ electron-download@3.3.0
64 silly idealTree │ ├── fs-extra@0.30.0
64 silly idealTree │ └── jsonfile@2.4.0
64 silly idealTree ├── electron-prebuilt@1.4.13
64 silly idealTree ├── error-ex@1.3.1
64 silly idealTree ├── es6-promise@4.2.4
64 silly idealTree ├── extend@3.0.1
64 silly idealTree ├── extract-zip@1.6.6
64 silly idealTree ├── extsprintf@1.3.0
64 silly idealTree ├── fast-deep-equal@1.1.0
64 silly idealTree ├── fast-json-stable-stringify@2.0.0
64 silly idealTree ├── fd-slicer@1.0.1
64 silly idealTree ├── find-up@1.1.2
64 silly idealTree ├── forever-agent@0.6.1
64 silly idealTree ├── form-data@2.3.2
64 silly idealTree ├── fs-extra@5.0.0
64 silly idealTree ├── fs.realpath@1.0.0
64 silly idealTree ├── get-stdin@4.0.1
64 silly idealTree ├── getpass@0.1.7
64 silly idealTree ├── glob@7.1.2
64 silly idealTree ├── graceful-fs@4.1.11
64 silly idealTree ├── har-schema@2.0.0
64 silly idealTree ├── har-validator@5.0.3
64 silly idealTree ├── hawk@6.0.2
64 silly idealTree ├── hoek@4.2.1
64 silly idealTree ├── home-path@1.0.5
64 silly idealTree ├── hosted-git-info@2.5.0
64 silly idealTree ├── http-signature@1.2.0
64 silly idealTree ├── indent-string@2.1.0
64 silly idealTree ├── inflight@1.0.6
64 silly idealTree ├── inherits@2.0.3
64 silly idealTree ├── ini@1.3.5
64 silly idealTree ├── interpret@1.1.0
64 silly idealTree ├── is-arrayish@0.2.1
64 silly idealTree ├── is-buffer@1.1.6
64 silly idealTree ├── is-builtin-module@1.0.0
64 silly idealTree ├── is-finite@1.0.2
64 silly idealTree ├── is-fullwidth-code-point@1.0.0
64 silly idealTree ├── is-typedarray@1.0.0
64 silly idealTree ├── is-utf8@0.2.1
64 silly idealTree ├── isarray@0.0.1
64 silly idealTree ├── isstream@0.1.2
64 silly idealTree ├── jsbn@0.1.1
64 silly idealTree ├── json-schema-traverse@0.3.1
64 silly idealTree ├── json-schema@0.2.3
64 silly idealTree ├── json-stringify-safe@5.0.1
64 silly idealTree ├── jsonfile@4.0.0
64 silly idealTree ├── jsprim@1.4.1
64 silly idealTree ├── klaw@1.3.1
64 silly idealTree ├── load-json-file@1.1.0
64 silly idealTree ├── lodash.defaults@4.2.0
64 silly idealTree ├── loud-rejection@1.6.0
64 silly idealTree ├── map-obj@1.0.1
64 silly idealTree ├── md5-file@3.2.3
64 silly idealTree ├── md5@2.2.1
64 silly idealTree ├── meow@3.7.0
64 silly idealTree ├── mime-db@1.33.0
64 silly idealTree ├── mime-types@2.1.18
64 silly idealTree ├── minimatch@3.0.4
64 silly idealTree ├── minimist@1.2.0
64 silly idealTree ├─┬ mkdirp@0.5.0
64 silly idealTree │ └── minimist@0.0.8
64 silly idealTree ├── ms@2.0.0
64 silly idealTree ├── normalize-package-data@2.4.0
64 silly idealTree ├── nugget@2.0.1
64 silly idealTree ├── number-is-nan@1.0.1
64 silly idealTree ├── oauth-sign@0.8.2
64 silly idealTree ├── object-assign@4.1.1
64 silly idealTree ├── object-keys@0.4.0
64 silly idealTree ├── once@1.4.0
64 silly idealTree ├── parse-json@2.2.0
64 silly idealTree ├── path-exists@2.1.0
64 silly idealTree ├── path-is-absolute@1.0.1
64 silly idealTree ├── path-parse@1.0.5
64 silly idealTree ├── path-type@1.1.0
64 silly idealTree ├── pend@1.2.0
64 silly idealTree ├── performance-now@2.1.0
64 silly idealTree ├── pify@2.3.0
64 silly idealTree ├── pinkie-promise@2.0.1
64 silly idealTree ├── pinkie@2.0.4
64 silly idealTree ├── pretty-bytes@1.0.4
64 silly idealTree ├── process-nextick-args@2.0.0
64 silly idealTree ├── progress-stream@1.2.0
64 silly idealTree ├── punycode@1.4.1
64 silly idealTree ├── qs@6.5.1
64 silly idealTree ├── rc@1.2.5
64 silly idealTree ├── read-pkg-up@1.0.1
64 silly idealTree ├── read-pkg@1.1.0
64 silly idealTree ├── readable-stream@1.1.14
64 silly idealTree ├── rechoir@0.6.2
64 silly idealTree ├── redent@1.0.0
64 silly idealTree ├─┬ remote-exec@0.0.3
64 silly idealTree │ ├── asn1@0.1.11
64 silly idealTree │ └── ssh2@0.2.25
64 silly idealTree ├── repeating@2.0.1
64 silly idealTree ├── request@2.83.0
64 silly idealTree ├── resolve@1.6.0
64 silly idealTree ├── rimraf@2.6.2
64 silly idealTree ├── safe-buffer@5.1.1
64 silly idealTree ├── semver@5.5.0
64 silly idealTree ├── shelljs@0.8.1
64 silly idealTree ├── signal-exit@3.0.2
64 silly idealTree ├── single-line-log@1.1.2
64 silly idealTree ├── sntp@2.1.0
64 silly idealTree ├── spdx-correct@3.0.0
64 silly idealTree ├── spdx-exceptions@2.1.0
64 silly idealTree ├── spdx-expression-parse@3.0.0
64 silly idealTree ├── spdx-license-ids@3.0.0
64 silly idealTree ├── speedometer@0.1.4
64 silly idealTree ├─┬ ssh2-sftp-client@2.1.0
64 silly idealTree │ └── ssh2@0.5.5
64 silly idealTree ├── ssh2-streams@0.1.20
64 silly idealTree ├── ssh2@0.5.4
64 silly idealTree ├── sshpk@1.13.1
64 silly idealTree ├── streamsearch@0.1.2
64 silly idealTree ├── string_decoder@0.10.31
64 silly idealTree ├── string-width@1.0.2
64 silly idealTree ├── stringstream@0.0.5
64 silly idealTree ├── strip-ansi@3.0.1
64 silly idealTree ├── strip-bom@2.0.0
64 silly idealTree ├── strip-indent@1.0.1
64 silly idealTree ├── strip-json-comments@2.0.1
64 silly idealTree ├── sumchecker@1.3.1
64 silly idealTree ├── throttleit@0.0.2
64 silly idealTree ├── through2@0.2.3
64 silly idealTree ├── tough-cookie@2.3.4
64 silly idealTree ├── trim-newlines@1.0.0
64 silly idealTree ├── tunnel-agent@0.6.0
64 silly idealTree ├── tunnel-ssh@4.1.4
64 silly idealTree ├── tweetnacl@0.14.5
64 silly idealTree ├── typedarray@0.0.6
64 silly idealTree ├── universalify@0.1.1
64 silly idealTree ├── util-deprecate@1.0.2
64 silly idealTree ├── uuid@3.2.1
64 silly idealTree ├── validate-npm-package-license@3.0.3
64 silly idealTree ├── verror@1.10.0
64 silly idealTree ├── wrappy@1.0.2
64 silly idealTree ├── xtend@2.1.2
64 silly idealTree └── yauzl@2.4.1
65 silly generateActionsToTake Starting
66 silly install generateActionsToTake
67 warn checkPermissions Missing write access to /Users/scanton/connectopus2/node_modules
68 silly rollbackFailedOptional Starting
69 silly rollbackFailedOptional Finishing
70 silly runTopLevelLifecycles Finishing
71 silly install printInstalled
72 verbose stack Error: EACCES: permission denied, access '/Users/scanton/connectopus2/node_modules'
72 verbose stack     at Error (native)
73 verbose cwd /Users/scanton/connectopus2
74 error Darwin 16.5.0
75 error argv "/usr/local/bin/node" "/usr/local/bin/npm" "install" "diff" "--save"
76 error node v6.10.2
77 error npm  v3.10.10
78 error path /Users/scanton/connectopus2/node_modules
79 error code EACCES
80 error errno -13
81 error syscall access
82 error Error: EACCES: permission denied, access '/Users/scanton/connectopus2/node_modules'
82 error     at Error (native)
82 error  { Error: EACCES: permission denied, access '/Users/scanton/connectopus2/node_modules'
82 error     at Error (native)
82 error   errno: -13,
82 error   code: 'EACCES',
82 error   syscall: 'access',
82 error   path: '/Users/scanton/connectopus2/node_modules' }
83 error Please try running this command again as root/Administrator.
84 verbose exit [ -13, true ]
